0 info it worked if it ends with ok
1 verbose cli [
1 verbose cli   'C:\\nvm4w\\nodejs\\node.exe',
1 verbose cli   'C:\\Users\\Owner\\AppData\\Roaming\\npm\\node_modules\\npm\\bin\\npm-cli.js',
1 verbose cli   'start'
1 verbose cli ]
2 info using npm@3.3.12
3 info using node@v20.5.1
4 verbose run-script [ 'prestart', 'start', 'poststart' ]
5 info lifecycle mern-crud@0.1.0~prestart: mern-crud@0.1.0
6 silly lifecycle mern-crud@0.1.0~prestart: no script for prestart, continuing
7 info lifecycle mern-crud@0.1.0~start: mern-crud@0.1.0
8 verbose lifecycle mern-crud@0.1.0~start: unsafe-perm in lifecycle true
9 verbose lifecycle mern-crud@0.1.0~start: PATH: C:\Users\Owner\AppData\Roaming\npm\node_modules\npm\bin\node-gyp-bin;C:\Users\Owner\reactjs\mern-crud\node_modules\.bin;C:\Windows\system32;C:\Windows;C:\Windows\System32\Wbem;C:\Windows\System32\WindowsPowerShell\v1.0\;C:\Windows\System32\OpenSSH\;C:\Program Files\dotnet\;C:\Program Files\Microsoft SQL Server\150\Tools\Binn\;C:\ProgramData\chocolatey\bin;C:\Program Files\Git\cmd;C:\Program Files\GitHub CLI\;%NVM_HOME%;%NVM_SYMLINK%;C:\Users\Owner\AppData\Local\Microsoft\WindowsApps;C:\Users\Owner\AppData\Local\Programs\Microsoft VS Code\bin;C:\Users\Owner\AppData\Roaming\npm;C:\Users\Owner\.dotnet\tools;C:\ProgramData\Owner\GitHubDesktop\bin;C:\Users\Owner\AppData\Local\nvm;C:\nvm4w\nodejs
10 verbose lifecycle mern-crud@0.1.0~start: CWD: C:\Users\Owner\reactjs\mern-crud
11 silly lifecycle mern-crud@0.1.0~start: Args: [ '/d /s /c', 'node server.js' ]
12 silly lifecycle mern-crud@0.1.0~start: Returned: code: 1  signal: null
13 info lifecycle mern-crud@0.1.0~start: Failed to exec start script
14 verbose stack Error: mern-crud@0.1.0 start: `node server.js`
14 verbose stack Exit status 1
14 verbose stack     at EventEmitter.<anonymous> (C:\Users\Owner\AppData\Roaming\npm\node_modules\npm\lib\utils\lifecycle.js:232:16)
14 verbose stack     at EventEmitter.emit (node:events:514:28)
14 verbose stack     at ChildProcess.<anonymous> (C:\Users\Owner\AppData\Roaming\npm\node_modules\npm\lib\utils\spawn.js:24:14)
14 verbose stack     at ChildProcess.emit (node:events:514:28)
14 verbose stack     at maybeClose (node:internal/child_process:1105:16)
14 verbose stack     at ChildProcess._handle.onexit (node:internal/child_process:305:5)
15 verbose pkgid mern-crud@0.1.0
16 verbose cwd C:\Users\Owner\reactjs\mern-crud
17 error Windows_NT 10.0.22621
18 error argv "C:\\nvm4w\\nodejs\\node.exe" "C:\\Users\\Owner\\AppData\\Roaming\\npm\\node_modules\\npm\\bin\\npm-cli.js" "start"
19 error node v20.5.1
20 error npm  v3.3.12
21 error code ELIFECYCLE
22 error mern-crud@0.1.0 start: `node server.js`
22 error Exit status 1
23 error Failed at the mern-crud@0.1.0 start script 'node server.js'.
23 error Make sure you have the latest version of node.js and npm installed.
23 error If you do, this is most likely a problem with the mern-crud package,
23 error not with npm itself.
23 error Tell the author that this fails on your system:
23 error     node server.js
23 error You can get their info via:
23 error     npm owner ls mern-crud
23 error There is likely additional logging output above.
24 verbose exit [ 1, true ]
